<?xml version="1.0" encoding="UTF-8"?>
<!-- Generated by org.testng.reporters.JUnitXMLReporter -->
<testsuite hostname="Rajesh" ignored="1" name="Default test" tests="1" failures="0" timestamp="2020-08-06T22:51:27 IST" time="45.678" errors="0">
  <testcase name="CreateOrgAndDeleteOrgTest" time="23.422" classname="com.vtiger.orgtest.OrganizationTest"/>
  <testcase name="createOrgTest" time="0.0" classname="com.vtiger.orgtest.OrganizationTest">
    <ignored/>
  </testcase> <!-- createOrgTest -->
</testsuite> <!-- Default test -->
